Successfully migrated table: *models.AirPolution
Seeded 0 Data
Seeded 10 Data
Seeded 20 Data
Seeded 30 Data
Seeded 40 Data
Seeded 50 Data
Seeded 60 Data
Seeded 70 Data
Seeded 80 Data
Seeded 90 Data
Seeded 100 Data
Seeded 110 Data
Seeded 120 Data
Seeded 130 Data
Seeded 140 Data
Seeded 150 Data
Seeded 160 Data
Seeded 170 Data
Seeded 180 Data
Seeded 190 Data
Seeded 200 Data
Seeded 210 Data
Seeded 220 Data
Seeded 230 Data
Seeded 240 Data
Seeded 250 Data
Seeded 260 Data
Seeded 270 Data
Seeded 280 Data
Seeded 290 Data
Seeded 300 Data
Seeded 310 Data
Seeded 320 Data
Seeded 330 Data
Seeded 340 Data
Seeded 350 Data
Seeded 360 Data
Seeded 370 Data
Seeded 380 Data
Seeded 390 Data
Seeded 400 Data
Seeded 410 Data
Seeded 420 Data
Seeded 430 Data
Seeded 440 Data
Seeded 450 Data
Seeded 460 Data
Seeded 470 Data
Seeded 480 Data
Seeded 490 Data
Seeded 500 Data
Seeded 510 Data
Seeded 520 Data
Seeded 530 Data
Seeded 540 Data
Seeded 550 Data
Seeded 560 Data
Seeded 570 Data
Seeded 580 Data
Seeded 590 Data
Seeded 600 Data
Seeded 610 Data
Seeded 620 Data
Seeded 630 Data
Seeded 640 Data
Seeded 650 Data
Seeded 660 Data
Seeded 670 Data
Seeded 680 Data
Seeded 690 Data
Seeded 700 Data
Seeded 710 Data
Seeded 720 Data
Seeded 730 Data
Seeded 740 Data
Seeded 750 Data
Seeded 760 Data
Seeded 770 Data
Seeded 780 Data
Seeded 790 Data
Seeded 800 Data
Seeded 810 Data
Seeded 820 Data
Seeded 830 Data
Seeded 840 Data
Seeded 850 Data
Seeded 860 Data
Seeded 870 Data
Seeded 880 Data
Seeded 890 Data
Seeded 900 Data
Seeded 910 Data
Seeded 920 Data
Seeded 930 Data
Seeded 940 Data
Seeded 950 Data
Seeded 960 Data
Seeded 970 Data
Seeded 980 Data
Seeded 990 Data

 ┌───────────────────────────────────────────────────┐ 
 │                   Fiber v2.49.0                   │ 
 │               http://127.0.0.1:3000               │ 
 │       (bound on host 0.0.0.0 and port 3000)       │ 
 │                                                   │ 
 │ Handlers ............. 3  Processes ........... 1 │ 
 │ Prefork ....... Disabled  PID .............. 2507 │ 
 └───────────────────────────────────────────────────┘ 

